<?xml version="1.0" encoding="UTF-8"?>
<!-- Generated by org.testng.reporters.JUnitReportReporter -->
<testsuite hostname="LAPTOP-GGIGUPDI" failures="0" tests="3" name="RunDressTest" time="49.955" errors="0" timestamp="2022-12-15T09:46:07 CET" skipped="0">
  <testcase classname="RunDressTest" name="runScenario" time="15.785"/>
  <system-out/>
  <testcase classname="RunDressTest" name="runScenario" time="18.759"/>
  <system-out/>
  <testcase classname="RunDressTest" name="runScenario" time="15.411"/>
  <system-out/>
</testsuite> <!-- RunDressTest -->
