<?xml version="1.0" encoding="UTF-8"?>
<!-- Generated by org.testng.reporters.JUnitReportReporter -->
<testsuite hostname="LAPTOP-GGIGUPDI" failures="0" tests="20" name="RunCucumberTest" time="350.946" errors="0" timestamp="2022-12-19T22:49:37 CET" skipped="0">
  <testcase classname="RunCucumberTest" name="runScenario" time="7.808"/>
  <system-out/>
  <testcase classname="RunCucumberTest" name="runScenario" time="7.742"/>
  <system-out/>
  <testcase classname="RunCucumberTest" name="runScenario" time="15.121"/>
  <system-out/>
  <testcase classname="RunCucumberTest" name="runScenario" time="21.005"/>
  <system-out/>
  <testcase classname="RunCucumberTest" name="runScenario" time="14.259"/>
  <system-out/>
  <testcase classname="RunCucumberTest" name="runScenario" time="12.763"/>
  <system-out/>
  <testcase classname="RunCucumberTest" name="runScenario" time="32.748"/>
  <system-out/>
  <testcase classname="RunCucumberTest" name="runScenario" time="11.559"/>
  <system-out/>
  <testcase classname="RunCucumberTest" name="runScenario" time="34.521"/>
  <system-out/>
  <testcase classname="RunCucumberTest" name="runScenario" time="8.013"/>
  <system-out/>
  <testcase classname="RunCucumberTest" name="runScenario" time="35.068"/>
  <system-out/>
  <testcase classname="RunCucumberTest" name="runScenario" time="39.352"/>
  <system-out/>
  <testcase classname="RunCucumberTest" name="runScenario" time="7.463"/>
  <system-out/>
  <testcase classname="RunCucumberTest" name="runScenario" time="8.191"/>
  <system-out/>
  <testcase classname="RunCucumberTest" name="runScenario" time="14.924"/>
  <system-out/>
  <testcase classname="RunCucumberTest" name="runScenario" time="8.060"/>
  <system-out/>
  <testcase classname="RunCucumberTest" name="runScenario" time="7.821"/>
  <system-out/>
  <testcase classname="RunCucumberTest" name="runScenario" time="35.225"/>
  <system-out/>
  <testcase classname="RunCucumberTest" name="runScenario" time="20.633"/>
  <system-out/>
  <testcase classname="RunCucumberTest" name="runScenario" time="8.670"/>
  <system-out/>
</testsuite> <!-- RunCucumberTest -->
